[INFO] Scanning for projects...
[INFO] 
[INFO] ----------------------< com.neurofleetx:backend >-----------------------
[INFO] Building NeuroFleetX Backend 0.0.1-SNAPSHOT
[INFO]   from pom.xml
[INFO] --------------------------------[ jar ]---------------------------------
[INFO] 
[INFO] >>> spring-boot:3.2.3:run (default-cli) > test-compile @ backend >>>
[INFO] 
[INFO] --- resources:3.3.1:resources (default-resources) @ backend ---
[INFO] Copying 1 resource from src\main\resources to target\classes
[INFO] Copying 0 resource from src\main\resources to target\classes
[INFO] 
[INFO] --- compiler:3.11.0:compile (default-compile) @ backend ---
[INFO] Nothing to compile - all classes are up to date
[INFO] 
[INFO] --- resources:3.3.1:testResources (default-testResources) @ backend ---
[INFO] skip non existing resourceDirectory d:\NeuroFleetX\backend\src\test\resources
[INFO] 
[INFO] --- compiler:3.11.0:testCompile (default-testCompile) @ backend ---
[INFO] No sources to compile
[INFO] 
[INFO] <<< spring-boot:3.2.3:run (default-cli) < test-compile @ backend <<<
[INFO] 
[INFO] 
[INFO] --- spring-boot:3.2.3:run (default-cli) @ backend ---
[INFO] Attaching agents: []

  .   ____          _            __ _ _
 /\\ / ___'_ __ _ _(_)_ __  __ _ \ \ \ \
( ( )\___ | '_ | '_| | '_ \/ _` | \ \ \ \
 \\/  ___)| |_)| | | | | || (_| |  ) ) ) )
  '  |____| .__|_| |_|_| |_\__, | / / / /
 =========|_|==============|___/=/_/_/_/
 :: Spring Boot ::                (v3.2.3)

2026-02-13T16:11:30.179+05:30  INFO 16688 --- [NeuroFleetXBackend] [           main] c.n.backend.NeuroFleetXApplication       : Starting NeuroFleetXApplication using Java 17.0.12 with PID 16688 (D:\NeuroFleetX\backend\target\classes started by ELCOT in d:\NeuroFleetX\backend)
2026-02-13T16:11:30.179+05:30  INFO 16688 --- [NeuroFleetXBackend] [           main] c.n.backend.NeuroFleetXApplication       : No active profile set, falling back to 1 default profile: "default"
2026-02-13T16:11:31.190+05:30  INFO 16688 --- [NeuroFleetXBackend] [           main] .s.d.r.c.RepositoryConfigurationDelegate : Bootstrapping Spring Data JPA repositories in DEFAULT mode.
2026-02-13T16:11:31.278+05:30  INFO 16688 --- [NeuroFleetXBackend] [           main] .s.d.r.c.RepositoryConfigurationDelegate : Finished Spring Data repository scanning in 59 ms. Found 6 JPA repository interfaces.
2026-02-13T16:11:32.035+05:30  INFO 16688 --- [NeuroFleetXBackend] [           main] o.s.b.w.embedded.tomcat.TomcatWebServer  : Tomcat initialized with port 8080 (http)
2026-02-13T16:11:32.065+05:30  INFO 16688 --- [NeuroFleetXBackend] [           main] o.apache.catalina.core.StandardService   : Starting service [Tomcat]
2026-02-13T16:11:32.065+05:30  INFO 16688 --- [NeuroFleetXBackend] [           main] o.apache.catalina.core.StandardEngine    : Starting Servlet engine: [Apache Tomcat/10.1.19]
2026-02-13T16:11:32.119+05:30  INFO 16688 --- [NeuroFleetXBackend] [           main] o.a.c.c.C.[Tomcat].[localhost].[/]       : Initializing Spring embedded WebApplicationContext
2026-02-13T16:11:32.119+05:30  INFO 16688 --- [NeuroFleetXBackend] [           main] w.s.c.ServletWebServerApplicationContext : Root WebApplicationContext: initialization completed in 1888 ms
2026-02-13T16:11:32.419+05:30  INFO 16688 --- [NeuroFleetXBackend] [           main] o.hibernate.jpa.internal.util.LogHelper  : HHH000204: Processing PersistenceUnitInfo [name: default]
2026-02-13T16:11:32.493+05:30  INFO 16688 --- [NeuroFleetXBackend] [           main] org.hibernate.Version                    : HHH000412: Hibernate ORM core version 6.4.4.Final
2026-02-13T16:11:32.525+05:30  INFO 16688 --- [NeuroFleetXBackend] [           main] o.h.c.internal.RegionFactoryInitiator    : HHH000026: Second-level cache disabled
2026-02-13T16:11:32.738+05:30  INFO 16688 --- [NeuroFleetXBackend] [           main] o.s.o.j.p.SpringPersistenceUnitInfo      : No LoadTimeWeaver setup: ignoring JPA class transformer
2026-02-13T16:11:32.767+05:30  INFO 16688 --- [NeuroFleetXBackend] [           main] com.zaxxer.hikari.HikariDataSource       : HikariPool-1 - Starting...
2026-02-13T16:11:32.919+05:30  INFO 16688 --- [NeuroFleetXBackend] [           main] com.zaxxer.hikari.pool.HikariPool        : HikariPool-1 - Added connection com.mysql.cj.jdbc.ConnectionImpl@47c81e89
2026-02-13T16:11:32.950+05:30  INFO 16688 --- [NeuroFleetXBackend] [           main] com.zaxxer.hikari.HikariDataSource       : HikariPool-1 - Start completed.
2026-02-13T16:11:33.002+05:30  WARN 16688 --- [NeuroFleetXBackend] [           main] org.hibernate.orm.deprecation            : HHH90000025: MySQLDialect does not need to be specified explicitly using 'hibernate.dialect' (remove the property setting and it will be selected by default)
2026-02-13T16:11:34.019+05:30  INFO 16688 --- [NeuroFleetXBackend] [           main] o.h.e.t.j.p.i.JtaPlatformInitiator       : HHH000489: No JTA platform available (set 'hibernate.transaction.jta.platform' to enable JTA platform integration)
2026-02-13T16:11:34.138+05:30  INFO 16688 --- [NeuroFleetXBackend] [           main] j.LocalContainerEntityManagerFactoryBean : Initialized JPA EntityManagerFactory for persistence unit 'default'
2026-02-13T16:11:34.934+05:30  WARN 16688 --- [NeuroFleetXBackend] [           main] JpaBaseConfiguration$JpaWebConfiguration : spring.jpa.open-in-view is enabled by default. Therefore, database queries may be performed during view rendering. Explicitly configure spring.jpa.open-in-view to disable this warning
2026-02-13T16:11:35.378+05:30  INFO 16688 --- [NeuroFleetXBackend] [           main] o.s.b.a.e.web.EndpointLinksResolver      : Exposing 1 endpoint(s) beneath base path '/actuator'
2026-02-13T16:11:35.452+05:30  INFO 16688 --- [NeuroFleetXBackend] [           main] o.s.s.web.DefaultSecurityFilterChain     : Will secure any request with [org.springframework.security.web.session.DisableEncodeUrlFilter@4a5a8c6f, org.springframework.security.web.context.request.async.WebAsyncManagerIntegrationFilter@5e8f0c54, org.springframework.security.web.context.SecurityContextHolderFilter@60052518, org.springframework.security.web.header.HeaderWriterFilter@744c16fb, org.springframework.web.filter.CorsFilter@2aaed928, org.springframework.web.filter.CorsFilter@155cf9f6, org.springframework.security.web.authentication.logout.LogoutFilter@38c9e937, com.neurofleetx.backend.security.JwtFilter@4917992b, org.springframework.security.web.savedrequest.RequestCacheAwareFilter@45594dfe, org.springframework.security.web.servletapi.SecurityContextHolderAwareRequestFilter@4ac1544f, org.springframework.security.web.authentication.AnonymousAuthenticationFilter@b7b26c6, org.springframework.security.web.session.SessionManagementFilter@7594d189, org.springframework.security.web.access.ExceptionTranslationFilter@5a1ddc7c, org.springframework.security.web.access.intercept.AuthorizationFilter@448c4742]
2026-02-13T16:11:35.666+05:30  WARN 16688 --- [NeuroFleetXBackend] [           main] ion$DefaultTemplateResolverConfiguration : Cannot find template location: classpath:/templates/ (please add some templates, check your Thymeleaf configuration, or set spring.thymeleaf.check-template-location=false)
2026-02-13T16:11:35.926+05:30  WARN 16688 --- [NeuroFleetXBackend] [           main] ConfigServletWebServerApplicationContext : Exception encountered during context initialization - cancelling refresh attempt: org.springframework.context.ApplicationContextException: Failed to start bean 'webServerStartStop'
2026-02-13T16:11:35.961+05:30  INFO 16688 --- [NeuroFleetXBackend] [           main] j.LocalContainerEntityManagerFactoryBean : Closing JPA EntityManagerFactory for persistence unit 'default'
2026-02-13T16:11:35.965+05:30  INFO 16688 --- [NeuroFleetXBackend] [           main] com.zaxxer.hikari.HikariDataSource       : HikariPool-1 - Shutdown initiated...
2026-02-13T16:11:35.969+05:30  INFO 16688 --- [NeuroFleetXBackend] [           main] com.zaxxer.hikari.HikariDataSource       : HikariPool-1 - Shutdown completed.
2026-02-13T16:11:35.988+05:30  INFO 16688 --- [NeuroFleetXBackend] [           main] .s.b.a.l.ConditionEvaluationReportLogger : 

Error starting ApplicationContext. To display the condition evaluation report re-run your application with 'debug' enabled.
2026-02-13T16:11:36.010+05:30 ERROR 16688 --- [NeuroFleetXBackend] [           main] o.s.b.d.LoggingFailureAnalysisReporter   : 

***************************
APPLICATION FAILED TO START
***************************

Description:

Web server failed to start. Port 8080 was already in use.

Action:

Identify and stop the process that's listening on port 8080 or configure this application to listen on another port.

[INFO] ------------------------------------------------------------------------
[INFO] BUILD FAILURE
[INFO] ------------------------------------------------------------------------
[INFO] Total time:  9.208 s
[INFO] Finished at: 2026-02-13T16:11:36+05:30
[INFO] ------------------------------------------------------------------------
[ERROR] Failed to execute goal org.springframework.boot:spring-boot-maven-plugin:3.2.3:run (default-cli) on project backend: Process terminated with exit code: 1 -> [Help 1]
[ERROR] 
[ERROR] To see the full stack trace of the errors, re-run Maven with the -e switch.
[ERROR] Re-run Maven using the -X switch to enable full debug logging.
[ERROR] 
[ERROR] For more information about the errors and possible solutions, please read the following articles:
[ERROR] [Help 1] http://cwiki.apache.org/confluence/display/MAVEN/MojoExecutionException
